<?xml version="1.0" encoding="UTF-8"?>
<!-- Generated by org.testng.reporters.JUnitReportReporter -->
<testsuite hostname="DESKTOP-9BSPGAT" failures="0" tests="1" name="com.comprehen.testCases.Login" time="6.739" errors="0" timestamp="2022-05-18T17:42:11 IST" skipped="0">
  <testcase classname="com.comprehen.testCases.Login" name="login1" time="6.739"/>
  <system-out/>
</testsuite> <!-- com.comprehen.testCases.Login -->
