<?xml version="1.0" encoding="UTF-8"?>
<!-- Generated by org.testng.reporters.JUnitReportReporter -->
<testsuite hostname="DESKTOP-9BSPGAT" failures="0" tests="3" name="com.comprehen.testCases.Titlepage" time="15.274" errors="0" timestamp="2022-05-18T17:42:11 IST" skipped="0">
  <testcase classname="com.comprehen.testCases.Titlepage" name="urbanStore" time="9.615"/>
  <system-out/>
  <testcase classname="com.comprehen.testCases.Titlepage" name="gift" time="4.968"/>
  <system-out/>
  <testcase classname="com.comprehen.testCases.Titlepage" name="title" time="0.691"/>
  <system-out/>
</testsuite> <!-- com.comprehen.testCases.Titlepage -->
