<?xml version="1.0" encoding="UTF-8"?>
<!-- Generated by org.testng.reporters.JUnitReportReporter -->
<testsuite hostname="DESKTOP-9BSPGAT" failures="0" tests="1" name="com.comprehen.testCases.Credentials" time="9.420" errors="0" timestamp="2022-05-18T17:42:11 IST" skipped="0">
  <testcase classname="com.comprehen.testCases.Credentials" name="getexcel" time="9.420"/>
  <system-out/>
</testsuite> <!-- com.comprehen.testCases.Credentials -->
