<?xml version="1.0" encoding="UTF-8"?>
<!-- Generated by org.testng.reporters.JUnitReportReporter -->
<testsuite hostname="DESKTOP-9BSPGAT" failures="0" tests="2" name="com.comprehen.testCases.Home" time="12.121" errors="0" timestamp="2022-05-18T17:42:11 IST" skipped="0">
  <testcase classname="com.comprehen.testCases.Home" name="scroll" time="5.721"/>
  <system-out/>
  <testcase classname="com.comprehen.testCases.Home" name="page" time="6.400"/>
  <system-out/>
</testsuite> <!-- com.comprehen.testCases.Home -->
